\BOOKMARK [0][-]{chapter*.5}{\376\377\000L\000i\000s\000t\000\040\000o\000f\000\040\000F\000i\000g\000u\000r\000e\000s}{}% 1
\BOOKMARK [0][-]{chapter*.6}{\376\377\000L\000i\000s\000t\000\040\000o\000f\000\040\000T\000a\000b\000l\000e\000s}{}% 2
\BOOKMARK [0][-]{chapter*.6}{\376\377\000I\000n\000t\000r\000o\000d\000u\000c\000t\000i\000o\000n}{}% 3
\BOOKMARK [-1][-]{part.1}{\376\377\000I\000\040\000T\000h\000e\000o\000r\000e\000t\000i\000c\000a\000l\000/\000E\000x\000p\000e\000r\000i\000m\000e\000n\000t\000a\000l}{}% 4
\BOOKMARK [-1][-]{part.2}{\376\377\000I\000I\000\040\000E\000x\000p\000e\000r\000i\000m\000e\000n\000t\000a\000l\000\040\000S\000e\000t\000u\000p}{}% 5
\BOOKMARK [-1][-]{part.3}{\376\377\000I\000I\000I\000\040\000S\000i\000l\000i\000c\000o\000n\000\040\000H\000i\000t\000\040\000E\000f\000f\000i\000c\000i\000e\000n\000c\000y\000\040\000S\000t\000u\000d\000y}{}% 6
\BOOKMARK [0][-]{section.0.1}{\376\377\000M\000o\000t\000i\000v\000a\000t\000i\000o\000n}{part.3}% 7
\BOOKMARK [1][-]{section.0.2}{\376\377\000S\000i\000l\000i\000c\000o\000n\000\040\000H\000i\000t\000\040\000I\000n\000e\000f\000f\000i\000c\000i\000e\000n\000c\000y}{section.0.1}% 8
\BOOKMARK [1][-]{section.0.3}{\376\377\000O\000r\000d\000e\000r\000i\000n\000g\000\040\000o\000f\000\040\000t\000h\000e\000\040\000A\000l\000g\000o\000r\000i\000t\000h\000m}{section.0.1}% 9
\BOOKMARK [1][-]{section.0.4}{\376\377\000M\000a\000t\000c\000h\000i\000n\000g\000\040\000A\000l\000g\000o\000r\000i\000t\000h\000m}{section.0.1}% 10
\BOOKMARK [1][-]{section.0.5}{\376\377\000Z\000\040\000a\000n\000d\000\040\000\040\000R\000a\000n\000g\000e}{section.0.1}% 11
\BOOKMARK [1][-]{section.0.6}{\376\377\000E\000f\000f\000i\000c\000i\000e\000n\000c\000y\000\040\000H\000e\000a\000t\000\040\000M\000a\000p\000s}{section.0.1}% 12
\BOOKMARK [1][-]{section.0.7}{\376\377\000C\000a\000l\000c\000u\000l\000a\000t\000i\000o\000n\000\040\000o\000f\000\040\000H\000i\000t\000\040\000E\000f\000f\000i\000c\000i\000e\000n\000c\000y}{section.0.1}% 13
\BOOKMARK [1][-]{section.0.8}{\376\377\000E\000f\000f\000e\000c\000t\000\040\000o\000f\000\040\000E\000f\000f\000i\000c\000i\000e\000n\000c\000y\000\040\000o\000n\000\040\000C\000h\000i\000\040\000S\000q\000u\000a\000r\000e\000d\000\040\000D\000i\000s\000t\000r\000i\000b\000u\000t\000i\000o\000n}{section.0.1}% 14
\BOOKMARK [-1][-]{part.4}{\376\377\000I\000V\000\040\000A\000l\000t\000e\000r\000n\000a\000t\000i\000v\000e\000\040\000T\000r\000a\000c\000k\000i\000n\000g\000\040\000A\000l\000g\000o\000r\000i\000t\000h\000m}{}% 15
\BOOKMARK [0][-]{section.0.9}{\376\377\000M\000o\000t\000i\000v\000a\000t\000i\000o\000n}{part.4}% 16
\BOOKMARK [1][-]{section.0.10}{\376\377\000O\000r\000d\000e\000r\000i\000n\000g\000\040\000o\000f\000\040\000t\000h\000e\000\040\000A\000l\000g\000o\000r\000i\000t\000h\000m}{section.0.9}% 17
\BOOKMARK [2][-]{subsection.0.10.1}{\376\377\000I\000n\000i\000t\000i\000a\000l\000\040\000T\000r\000i\000p\000l\000e\000t\000s}{section.0.10}% 18
\BOOKMARK [2][-]{subsection.0.10.2}{\376\377\000D\000i\000v\000i\000d\000i\000n\000g\000\040\000T\000r\000i\000p\000l\000e\000t\000s\000\040\000i\000n\000t\000o\000\040\000S\000m\000a\000l\000l\000e\000r\000\040\000R\000a\000n\000g\000e\000s}{section.0.10}% 19
\BOOKMARK [2][-]{subsection.0.10.3}{\376\377\000C\000o\000n\000n\000e\000c\000t\000\040\000T\000r\000i\000p\000l\000e\000t\000s\000\040\000t\000o\000\040\000t\000h\000e\000\040\000L\000a\000y\000e\000r\000\040\0002\000\040\000T\000r\000i\000p\000l\000e\000t\000s}{section.0.10}% 20
\BOOKMARK [2][-]{subsection.0.10.4}{\376\377\000C\000o\000n\000n\000e\000c\000t\000\040\000t\000h\000e\000\040\000T\000r\000i\000p\000l\000e\000t\000s\000\040\000i\000n\000t\000o\000\040\0004\000\040\000H\000i\000t\000\040\000S\000e\000g\000m\000e\000n\000t\000s\000\040\000B\000e\000f\000o\000r\000e\000\040\000a\000n\000d\000\040\000A\000f\000t\000e\000r\000\040\000L\000a\000y\000e\000r\000\040\0002}{section.0.10}% 21
\BOOKMARK [2][-]{subsection.0.10.5}{\376\377\000C\000o\000n\000n\000e\000c\000t\000\040\000t\000h\000e\000\040\0004\000\040\000H\000i\000t\000\040\000T\000r\000a\000c\000k\000s\000\040\000t\000o\000\040\0006\000\040\000H\000i\000t\000\040\000T\000r\000a\000c\000k\000s}{section.0.10}% 22
\BOOKMARK [2][-]{subsection.0.10.6}{\376\377\000C\000o\000m\000b\000i\000n\000e\000\040\0006\000\040\000H\000i\000t\000\040\000T\000r\000a\000c\000k\000s\000\040\000i\000n\000t\000o\000\040\0008\000\040\000H\000i\000t\000\040\000T\000r\000a\000c\000k\000s}{section.0.10}% 23
\BOOKMARK [1][-]{section.0.11}{\376\377\000I\000d\000e\000n\000t\000i\000f\000i\000c\000a\000t\000i\000o\000n\000\040\000o\000f\000\040\000I\000n\000e\000f\000f\000i\000c\000i\000e\000n\000c\000y}{section.0.9}% 24
\BOOKMARK [1][-]{section.0.12}{\376\377\000G\000e\000n\000e\000r\000a\000t\000i\000n\000g\000\040\0005\000\040\000H\000i\000t\000\040\000T\000r\000a\000c\000k\000s}{section.0.9}% 25
\BOOKMARK [2][-]{subsection.0.12.1}{\376\377\000S\000e\000l\000e\000c\000t\000i\000o\000n\000\040\000C\000u\000t\000s\000\040\000A\000p\000p\000l\000i\000e\000d\000\040\000t\000o\000\040\000t\000h\000e\000\040\0005\000\040\000H\000i\000t\000\040\000T\000r\000a\000c\000k\000s}{section.0.12}% 26
\BOOKMARK [2][-]{subsection.0.12.2}{\376\377\000E\000f\000f\000e\000c\000t\000\040\000o\000n\000\040\000t\000h\000e\000\040\000P\000u\000r\000i\000t\000y}{section.0.12}% 27
\BOOKMARK [1][-]{section.0.13}{\376\377\000V\000a\000l\000i\000d\000i\000t\000y\000\040\000o\000f\000\040\000t\000h\000e\000\040\0005\000\040\000H\000i\000t\000\040\000T\000r\000a\000c\000k\000s}{section.0.9}% 28
\BOOKMARK [2][-]{subsection.0.13.1}{\376\377\000M\000o\000m\000e\000n\000t\000u\000m\000\040\000R\000e\000s\000o\000l\000u\000t\000i\000o\000n}{section.0.13}% 29
\BOOKMARK [1][-]{section.0.14}{\376\377\000E\000f\000f\000e\000c\000t\000\040\000o\000f\000\040\000A\000l\000t\000e\000r\000n\000a\000t\000i\000v\000e\000\040\000T\000r\000a\000c\000k\000i\000n\000g}{section.0.9}% 30
\BOOKMARK [-1][-]{part.5}{\376\377\000V\000\040\000E\000x\000t\000r\000a}{}% 31
\BOOKMARK [0][-]{appendix*.45}{\376\377\000B\000i\000b\000l\000i\000o\000g\000r\000a\000p\000h\000y}{part.5}% 32
